<?xml version="1.0" encoding="UTF-8"?>
<!-- Generated by org.testng.reporters.JUnitXMLReporter -->
<testsuite hostname="User-HP6200-860" ignored="0" name="Command line test" tests="5" failures="0" timestamp="20 Feb 2018 14:52:32 GMT" time="0.251" errors="0">
  <testcase name="testWeightCalculation" time="0.114" classname="BodyMassIndex.ConverterTest"/>
  <testcase name="isUniqueLoginTestExisting" time="0.115" classname="PasswordValidation.SignUpTest"/>
  <testcase name="isUniqueLoginTestNotExisting" time="0.001" classname="PasswordValidation.SignUpTest"/>
  <testcase name="testCelsius" time="0.0" classname="TemperatureConverter.ConverterTest"/>
  <testcase name="testFahrenheit" time="0.001" classname="TemperatureConverter.ConverterTest"/>
</testsuite> <!-- Command line test -->
