<?xml version="1.0" encoding="UTF-8"?>
<!-- Generated by org.testng.reporters.JUnitXMLReporter -->
<testsuite hostname="User-HP6200-860" ignored="0" name="Nopackage" tests="6" failures="0" timestamp="22 Feb 2018 13:20:41 GMT" time="0.035" errors="0">
  <testcase name="testWeightCalculation" time="0.008" classname="BodyMassIndex.BMITest"/>
  <testcase name="testWeightCalculation2" time="0.0" classname="BodyMassIndex.BMITest"/>
  <testcase name="isUniqueLoginTestExisting" time="0.004" classname="PasswordValidation.SignUpTest"/>
  <testcase name="isUniqueLoginTestNotExisting" time="0.001" classname="PasswordValidation.SignUpTest"/>
  <testcase name="testCelsius" time="0.0" classname="TemperatureConverter.ConverterTest"/>
  <testcase name="testFahrenheit" time="0.0" classname="TemperatureConverter.ConverterTest"/>
</testsuite> <!-- Nopackage -->
