<?xml version="1.0" encoding="UTF-8"?>
<testng-results skipped="0" failed="0" ignored="0" total="0" passed="0">
  <reporter-output>
  </reporter-output>
  <suite name="Suite1" duration-ms="104" started-at="2018-02-20T15:17:14Z" finished-at="2018-02-20T15:17:14Z">
    <groups>
    </groups>
    <test name="Nopackage" duration-ms="3" started-at="2018-02-20T15:17:14Z" finished-at="2018-02-20T15:17:14Z">
    </test> <!-- Nopackage -->
    <test name="Regression1" duration-ms="0" started-at="2018-02-20T15:17:14Z" finished-at="2018-02-20T15:17:14Z">
    </test> <!-- Regression1 -->
  </suite> <!-- Suite1 -->
</testng-results>
