<?xml version="1.0" encoding="UTF-8"?>
<testsuite xmlns:xsi="http://www.w3.org/2001/XMLSchema-instance" xsi:noNamespaceSchemaLocation="https://maven.apache.org/surefire/maven-surefire-plugin/xsd/surefire-test-report.xsd" name="TestSuite" time="1.029" tests="6" errors="0" skipped="0" failures="1">
  <properties>
[...]
</properties>
  <testcase name="testWeightCalculation" classname="BodyMassIndex.BMITest" time="0.013"/>
  <testcase name="testWeightCalculation2" classname="BodyMassIndex.BMITest" time="0"/>
  <testcase name="isUniqueLoginTestExisting" classname="PasswordValidation.SignUpTest" time="0.021"/>
  <testcase name="isUniqueLoginTestNotExisting" classname="PasswordValidation.SignUpTest" time="0.001"/>
  <testcase name="testCelsius" classname="TemperatureConverter.ConverterTest" time="0.001"/>
  <testcase name="testFahrenheit" classname="TemperatureConverter.ConverterTest" time="0.017">
    <failure message="expected [232.8] but found [288.4]" type="java.lang.AssertionError">java.lang.AssertionError: expected [232.8] but found [288.4]
	at TemperatureConverter.ConverterTest.testFahrenheit(ConverterTest.java:23)
</failure>
    <system-out><![CDATA[temperature web...
The temperature in Celsius is 288.4
]]></system-out>
  </testcase>
</testsuite>